11:15:50.353 [main] INFO  - Search page is displayed......
11:15:50.356 [main] INFO  - CLicking on Add To Cart..........
11:15:50.404 [main] INFO  - Check success message display on after clicking Add To Cart..........
11:15:50.805 [main] INFO  - Click on SHopping CartLink to navigate to Shooping Cart Page........
11:15:51.313 [main] INFO  - Check the navigation to Shopping Cart Page....
11:16:33.384 [main] INFO  - Set up the Browser and the URL...
11:16:39.068 [main] INFO  - User website launched...
11:16:39.076 [main] INFO  - Enter the product name in the search text box...
11:16:39.192 [main] INFO  - User clicking the search Icon......
11:16:39.805 [main] INFO  - Search page is displayed......
11:16:39.806 [main] INFO  - CLicking on Add To Cart..........
11:16:39.848 [main] INFO  - Check success message display on after clicking Add To Cart..........
11:16:40.127 [main] INFO  - Click on SHopping CartLink to navigate to Shooping Cart Page........
11:16:40.598 [main] INFO  - Check the navigation to Shopping Cart Page....
11:24:27.386 [main] INFO  - Set up the Browser and the URL...
11:24:32.931 [main] INFO  - User website launched...
11:24:32.941 [main] INFO  - Enter the product name in the search text box...
11:24:33.079 [main] INFO  - User clicking the search Icon......
11:24:33.741 [main] INFO  - Search page is displayed......
11:24:33.743 [main] INFO  - CLicking on Add To Cart..........
11:24:33.786 [main] INFO  - Check success message display on after clicking Add To Cart..........
11:24:34.088 [main] INFO  - Click on SHopping CartLink to navigate to Shooping Cart Page........
11:24:34.574 [main] INFO  - Check the navigation to Shopping Cart Page....
11:34:34.673 [main] INFO  - Set up the Browser and the URL...
11:34:39.845 [main] INFO  - User website launched...
11:34:39.852 [main] INFO  - Enter the product name in the search text box...
11:34:39.964 [main] INFO  - User clicking the search Icon......
11:34:40.547 [main] INFO  - Search page is displayed......
11:34:40.549 [main] INFO  - CLicking on Add To Cart..........
11:34:40.591 [main] INFO  - Check success message display on after clicking Add To Cart..........
11:34:40.876 [main] INFO  - Click on SHopping CartLink to navigate to Shooping Cart Page........
11:34:41.259 [main] INFO  - Check the navigation to Shopping Cart Page....
11:37:39.910 [main] INFO  - Set up the Browser and the URL...
11:37:45.364 [main] INFO  - User website launched...
11:37:45.373 [main] INFO  - Enter the product name in the search text box...
11:37:45.497 [main] INFO  - User clicking the search Icon......
11:37:46.118 [main] INFO  - Search page is displayed......
11:37:46.120 [main] INFO  - CLicking on Add To Cart..........
11:37:46.163 [main] INFO  - Check success message display on after clicking Add To Cart..........
11:37:46.568 [main] INFO  - Click on SHopping CartLink to navigate to Shooping Cart Page........
11:37:47.084 [main] INFO  - Check the navigation to Shopping Cart Page....
11:44:13.814 [main] INFO  - Set up the Browser and the URL...
11:44:19.219 [main] INFO  - User website launched...
11:44:19.229 [main] INFO  - Enter the product name in the search text box...
11:44:19.353 [main] INFO  - User clicking the search Icon......
11:44:19.969 [main] INFO  - Search page is displayed......
11:44:19.971 [main] INFO  - CLicking on Add To Cart..........
11:44:20.018 [main] INFO  - Check success message display on after clicking Add To Cart..........
11:44:20.299 [main] INFO  - Click on SHopping CartLink to navigate to Shooping Cart Page........
11:44:20.336 [main] INFO  - Check the navigation to Shopping Cart Page....
11:44:44.453 [main] INFO  - Set up the Browser and the URL...
11:44:49.887 [main] INFO  - User website launched...
11:44:49.898 [main] INFO  - Enter the product name in the search text box...
11:44:50.017 [main] INFO  - User clicking the search Icon......
11:44:50.627 [main] INFO  - Search page is displayed......
11:44:50.629 [main] INFO  - CLicking on Add To Cart..........
11:44:50.680 [main] INFO  - Check success message display on after clicking Add To Cart..........
11:44:50.969 [main] INFO  - Click on SHopping CartLink to navigate to Shooping Cart Page........
11:44:51.368 [main] INFO  - Check the navigation to Shopping Cart Page....
12:04:10.559 [main] INFO  - Set up the Browser and the URL...
12:04:17.116 [main] INFO  - User website launched...
12:04:17.125 [main] INFO  - Enter the product name in the search text box...
12:04:17.259 [main] INFO  - User clicking the search Icon......
12:04:18.012 [main] INFO  - Search page is displayed......
12:04:18.014 [main] INFO  - CLicking on Add To Cart..........
12:04:18.059 [main] INFO  - Check success message display on after clicking Add To Cart..........
12:04:18.403 [main] INFO  - Click on SHopping CartLink to navigate to Shooping Cart Page........
12:04:19.294 [main] INFO  - Check the navigation to Shopping Cart Page....
12:09:02.408 [main] INFO  - Set up the Browser and the URL...
12:09:08.151 [main] INFO  - User website launched...
12:09:08.159 [main] INFO  - Enter the product name in the search text box...
12:09:08.278 [main] INFO  - User clicking the search Icon......
12:09:08.977 [main] INFO  - Search page is displayed......
12:09:08.979 [main] INFO  - CLicking on Add To Cart..........
12:09:09.024 [main] INFO  - Check success message display on after clicking Add To Cart..........
12:09:09.382 [main] INFO  - Click on SHopping CartLink to navigate to Shooping Cart Page........
12:09:09.432 [main] INFO  - Check the navigation to Shopping Cart Page....
12:09:29.534 [main] INFO  - Set up the Browser and the URL...
12:09:34.572 [main] INFO  - User website launched...
12:09:34.580 [main] INFO  - Enter the product name in the search text box...
12:09:34.701 [main] INFO  - User clicking the search Icon......
12:09:35.274 [main] INFO  - Search page is displayed......
12:09:35.277 [main] INFO  - CLicking on Add To Cart..........
12:09:35.318 [main] INFO  - Check success message display on after clicking Add To Cart..........
12:09:35.605 [main] INFO  - Click on SHopping CartLink to navigate to Shooping Cart Page........
12:09:35.999 [main] INFO  - Check the navigation to Shopping Cart Page....
12:12:45.036 [main] INFO  - Set up the Browser and the URL...
12:12:50.476 [main] INFO  - User website launched...
12:12:50.484 [main] INFO  - Enter the product name in the search text box...
12:12:50.601 [main] INFO  - User clicking the search Icon......
12:12:51.228 [main] INFO  - Search page is displayed......
12:12:51.231 [main] INFO  - CLicking on Add To Cart..........
12:12:51.290 [main] INFO  - Check success message display on after clicking Add To Cart..........
12:12:51.570 [main] INFO  - Click on SHopping CartLink to navigate to Shooping Cart Page........
12:12:51.976 [main] INFO  - Check the navigation to Shopping Cart Page....
11:53:02.004 [main] INFO  - Set up the Browser and the URL...
11:53:08.681 [main] INFO  - User website launched...
11:53:08.692 [main] INFO  - Navigating to the Account Register Page....
11:53:08.833 [main] INFO  - ENter all the details in the Account Registeration Page...
12:05:33.245 [main] INFO  - Set up the Browser and the URL...
12:05:40.408 [main] INFO  - User website launched...
12:05:40.423 [main] INFO  - Navigating to the Account Register Page....
12:05:40.567 [main] INFO  - Enter all the details in the Account Registeration Page...
12:07:24.689 [main] INFO  - Set up the Browser and the URL...
12:07:31.367 [main] INFO  - User website launched...
12:07:31.376 [main] INFO  - Navigating to the Account Register Page....
12:07:32.346 [main] INFO  - Enter all the details in the Account Registeration Page...
12:07:32.975 [main] INFO  - User clicks the private policy check box...
12:07:33.039 [main] INFO  - User clicks the Continue Button...
12:07:33.910 [main] INFO  - Verify the Account created message...
23:11:33.726 [main] INFO  - Set up the Browser and the URL...
23:11:40.948 [main] INFO  - User website launched...
23:11:40.961 [main] INFO  - Go to MyAccount and click Login....
23:11:41.440 [main] INFO  - Login Page Opened....
23:11:41.448 [main] INFO  - Enter your username and password details at Login page....
23:11:42.543 [main] INFO  - Clicked on Login Button....
23:11:42.769 [main] INFO  - Set up the Browser and the URL...
23:11:47.661 [main] INFO  - User website launched...
23:11:47.663 [main] INFO  - Go to MyAccount and click Login....
23:11:48.131 [main] INFO  - Login Page Opened....
23:11:48.133 [main] INFO  - Enter your username and password details at Login page....
23:11:49.258 [main] INFO  - Clicked on Login Button....
23:12:06.534 [main] INFO  - Set up the Browser and the URL...
23:12:12.740 [main] INFO  - User website launched...
23:12:12.748 [main] INFO  - Go to MyAccount and click Login....
23:12:13.275 [main] INFO  - Login Page Opened....
23:12:13.281 [main] INFO  - Enter your username and password details at Login page....
23:12:14.542 [main] INFO  - Clicked on Login Button....
23:12:14.733 [main] INFO  - Set up the Browser and the URL...
23:12:19.356 [main] INFO  - User website launched...
23:12:19.357 [main] INFO  - Go to MyAccount and click Login....
23:12:19.860 [main] INFO  - Login Page Opened....
23:12:19.863 [main] INFO  - Enter your username and password details at Login page....
23:12:20.982 [main] INFO  - Clicked on Login Button....
23:19:32.644 [main] INFO  - Set up the Browser and the URL...
23:19:38.181 [main] INFO  - User website launched...
23:19:38.190 [main] INFO  - Go to MyAccount and click Login....
23:19:38.703 [main] INFO  - Login Page Opened....
23:19:38.708 [main] INFO  - Enter your username and password details at Login page....
23:19:39.884 [main] INFO  - Clicked on Login Button....
23:19:40.078 [main] INFO  - Set up the Browser and the URL...
23:19:44.625 [main] INFO  - User website launched...
23:19:44.628 [main] INFO  - Go to MyAccount and click Login....
23:19:45.129 [main] INFO  - Login Page Opened....
23:19:45.131 [main] INFO  - Enter your username and password details at Login page....
23:19:46.309 [main] INFO  - Clicked on Login Button....
23:59:13.263 [main] INFO  - Set up the Browser and the URL...
23:59:18.939 [main] INFO  - User website launched...
23:59:18.948 [main] INFO  - Go to MyAccount and click Login....
23:59:19.435 [main] INFO  - Login Page Opened....
23:59:19.442 [main] INFO  - Enter your username and password details at Login page....
23:59:20.576 [main] INFO  - Clicked on Login Button....
23:59:20.777 [main] INFO  - Set up the Browser and the URL...
23:59:26.482 [main] INFO  - User website launched...
23:59:26.485 [main] INFO  - Go to MyAccount and click Login....
23:59:27.015 [main] INFO  - Login Page Opened....
23:59:27.017 [main] INFO  - Enter your username and password details at Login page....
23:59:27.727 [main] INFO  - Clicked on Login Button....
10:10:14.159 [main] INFO  - Set up the Browser and the URL...
10:10:22.747 [main] INFO  - User website launched...
10:10:22.764 [main] INFO  - Go to MyAccount and click Login....
10:10:23.301 [main] INFO  - Login Page Opened....
10:10:23.312 [main] INFO  - Enter your username and password details at Login page....
10:10:24.677 [main] INFO  - Clicked on Login Button....
10:10:24.973 [main] INFO  - Set up the Browser and the URL...
10:10:30.350 [main] INFO  - User website launched...
10:10:30.351 [main] INFO  - Go to MyAccount and click Login....
10:10:30.803 [main] INFO  - Login Page Opened....
10:10:30.806 [main] INFO  - Enter your username and password details at Login page....
10:10:31.475 [main] INFO  - Clicked on Login Button....
10:15:33.979 [main] INFO  - Set up the Browser and the URL...
10:15:40.650 [main] INFO  - User website launched...
10:15:40.663 [main] INFO  - Go to MyAccount and click Login....
10:15:41.250 [main] INFO  - Login Page Opened....
10:15:41.257 [main] INFO  - Enter your username and password details at Login page....
10:15:41.964 [main] INFO  - Clicked on Login Button....
11:04:17.707 [main] INFO  - Set up the Browser and the URL...
11:04:23.568 [main] INFO  - User website launched...
11:04:23.579 [main] INFO  - Navigating to the Account Register Page....
11:04:24.359 [main] INFO  - Enter all the details in the Account Registeration Page...
11:04:24.871 [main] INFO  - User clicks the private policy check box...
11:04:24.925 [main] INFO  - User clicks the Continue Button...
11:04:25.667 [main] INFO  - Verify the Account created message...
11:04:25.891 [main] INFO  - Set up the Browser and the URL...
11:04:31.169 [main] INFO  - User website launched...
11:04:31.172 [main] INFO  - Enter the product name in the search text box...
11:04:31.264 [main] INFO  - User clicking the search Icon......
11:04:31.992 [main] INFO  - Search page is displayed......
11:04:31.993 [main] INFO  - CLicking on Add To Cart..........
11:04:32.034 [main] INFO  - Check success message display on after clicking Add To Cart..........
11:04:32.369 [main] INFO  - Click on SHopping CartLink to navigate to Shooping Cart Page........
11:04:32.408 [main] INFO  - Check the navigation to Shopping Cart Page....
11:04:33.064 [main] INFO  - Set up the Browser and the URL...
11:04:38.050 [main] INFO  - User website launched...
11:04:38.051 [main] INFO  - Go to MyAccount and click Login....
11:04:38.471 [main] INFO  - Login Page Opened....
11:04:38.473 [main] INFO  - Enter your username and password details at Login page....
11:04:39.554 [main] INFO  - Clicked on Login Button....
11:04:39.725 [main] INFO  - Set up the Browser and the URL...
11:04:45.250 [main] INFO  - User website launched...
11:04:45.252 [main] INFO  - Go to MyAccount and click Login....
11:04:45.838 [main] INFO  - Login Page Opened....
11:04:45.839 [main] INFO  - Enter your username and password details at Login page....
11:04:46.619 [main] INFO  - Clicked on Login Button....
11:04:57.041 [main] INFO  - Set up the Browser and the URL...
11:05:01.815 [main] INFO  - User website launched...
11:05:01.817 [main] INFO  - Enter the product name in the search text box...
11:05:01.910 [main] INFO  - User clicking the search Icon......
11:05:02.498 [main] INFO  - Search page is displayed......
11:05:02.500 [main] INFO  - Check for name of products displayed......
11:21:37.123 [main] INFO  - Set up the Browser and the URL...
11:21:44.295 [main] INFO  - User website launched...
11:21:44.311 [main] INFO  - Go to MyAccount and click Login....
11:21:44.802 [main] INFO  - Login Page Opened....
11:21:44.808 [main] INFO  - Enter your username and password details at Login page....
11:21:46.231 [main] INFO  - Clicked on Login Button....
11:21:46.406 [main] INFO  - Set up the Browser and the URL...
11:21:51.963 [main] INFO  - User website launched...
11:21:51.964 [main] INFO  - Go to MyAccount and click Login....
11:21:52.455 [main] INFO  - Login Page Opened....
11:21:52.458 [main] INFO  - Enter your username and password details at Login page....
11:21:53.181 [main] INFO  - Clicked on Login Button....
22:06:13.187 [main] INFO  - Set up the Browser and the URL...
22:06:21.125 [main] INFO  - User website launched...
22:06:21.136 [main] INFO  - Go to MyAccount and click Login....
22:06:21.686 [main] INFO  - Login Page Opened....
22:06:24.507 [main] INFO  - Set up the Browser and the URL...
22:06:30.244 [main] INFO  - User website launched...
22:06:30.248 [main] INFO  - Go to MyAccount and click Login....
22:06:30.798 [main] INFO  - Login Page Opened....
22:06:33.339 [main] INFO  - Set up the Browser and the URL...
22:06:40.225 [main] INFO  - User website launched...
22:06:40.227 [main] INFO  - Go to MyAccount and click Login....
22:06:41.000 [main] INFO  - Login Page Opened....
22:08:36.559 [main] INFO  - Set up the Browser and the URL...
22:08:43.936 [main] INFO  - User website launched...
22:08:43.945 [main] INFO  - Go to MyAccount and click Login....
22:08:44.486 [main] INFO  - Login Page Opened....
22:08:47.440 [main] INFO  - Set up the Browser and the URL...
22:08:53.850 [main] INFO  - User website launched...
22:08:53.851 [main] INFO  - Go to MyAccount and click Login....
22:08:54.336 [main] INFO  - Login Page Opened....
22:08:56.577 [main] INFO  - Set up the Browser and the URL...
22:09:02.042 [main] INFO  - User website launched...
22:09:02.044 [main] INFO  - Go to MyAccount and click Login....
22:09:02.555 [main] INFO  - Login Page Opened....
22:13:00.673 [main] INFO  - Set up the Browser and the URL...
22:13:06.660 [main] INFO  - User website launched...
22:13:06.675 [main] INFO  - Go to MyAccount and click Login....
22:13:07.467 [main] INFO  - Login Page Opened....
22:13:10.470 [main] INFO  - Set up the Browser and the URL...
22:13:15.977 [main] INFO  - User website launched...
22:13:15.979 [main] INFO  - Go to MyAccount and click Login....
22:13:16.576 [main] INFO  - Login Page Opened....
22:13:19.153 [main] INFO  - Set up the Browser and the URL...
22:13:27.649 [main] INFO  - User website launched...
22:13:27.650 [main] INFO  - Go to MyAccount and click Login....
22:13:28.157 [main] INFO  - Login Page Opened....
22:23:09.632 [main] INFO  - Set up the Browser and the URL...
22:23:16.747 [main] INFO  - User website launched...
22:23:16.759 [main] INFO  - Go to MyAccount and click Login....
22:23:17.265 [main] INFO  - Login Page Opened....
22:23:29.677 [main] INFO  - Set up the Browser and the URL...
22:23:35.363 [main] INFO  - Set up the Browser and the URL...
22:23:41.271 [main] INFO  - User website launched...
22:23:41.272 [main] INFO  - Go to MyAccount and click Login....
22:23:41.795 [main] INFO  - Login Page Opened....
22:32:06.376 [main] INFO  - Set up the Browser and the URL...
22:32:12.993 [main] INFO  - User website launched...
22:32:13.012 [main] INFO  - Go to MyAccount and click Login....
22:32:13.559 [main] INFO  - Login Page Opened....
22:32:16.228 [main] INFO  - Set up the Browser and the URL...
22:32:22.887 [main] INFO  - User website launched...
22:32:22.890 [main] INFO  - Go to MyAccount and click Login....
22:32:23.529 [main] INFO  - Login Page Opened....
22:32:25.915 [main] INFO  - Set up the Browser and the URL...
22:32:32.151 [main] INFO  - User website launched...
22:32:32.152 [main] INFO  - Go to MyAccount and click Login....
22:32:32.811 [main] INFO  - Login Page Opened....
22:37:34.258 [main] INFO  - Set up the Browser and the URL...
22:37:40.359 [main] INFO  - User website launched...
22:37:40.371 [main] INFO  - Go to MyAccount and click Login....
22:37:40.884 [main] INFO  - Login Page Opened....
22:37:43.520 [main] INFO  - Set up the Browser and the URL...
22:37:50.970 [main] INFO  - User website launched...
22:37:50.974 [main] INFO  - Go to MyAccount and click Login....
22:37:51.641 [main] INFO  - Login Page Opened....
22:38:03.429 [main] INFO  - Set up the Browser and the URL...
22:38:10.122 [main] INFO  - User website launched...
22:38:10.124 [main] INFO  - Go to MyAccount and click Login....
22:38:10.663 [main] INFO  - Login Page Opened....
22:40:33.072 [main] INFO  - Set up the Browser and the URL...
22:40:39.761 [main] INFO  - User website launched...
22:40:39.769 [main] INFO  - Go to MyAccount and click Login....
22:40:40.319 [main] INFO  - Login Page Opened....
22:40:42.984 [main] INFO  - Set up the Browser and the URL...
22:40:48.836 [main] INFO  - User website launched...
22:40:48.838 [main] INFO  - Go to MyAccount and click Login....
22:40:49.534 [main] INFO  - Login Page Opened....
22:41:01.253 [main] INFO  - Set up the Browser and the URL...
22:41:07.547 [main] INFO  - User website launched...
22:41:07.549 [main] INFO  - Go to MyAccount and click Login....
22:41:08.125 [main] INFO  - Login Page Opened....
22:46:44.338 [main] INFO  - Set up the Browser and the URL...
22:46:51.159 [main] INFO  - User website launched...
22:46:51.170 [main] INFO  - Go to MyAccount and click Login....
22:46:51.715 [main] INFO  - Login Page Opened....
22:46:54.795 [main] INFO  - Set up the Browser and the URL...
22:47:00.280 [main] INFO  - User website launched...
22:47:00.283 [main] INFO  - Go to MyAccount and click Login....
22:47:00.797 [main] INFO  - Login Page Opened....
22:47:12.248 [main] INFO  - Set up the Browser and the URL...
22:47:18.977 [main] INFO  - User website launched...
22:47:18.978 [main] INFO  - Go to MyAccount and click Login....
22:47:19.523 [main] INFO  - Login Page Opened....
13:13:10.496 [main] INFO  - Set up the Browser and the URL...
13:13:17.620 [main] INFO  - User website launched...
13:13:17.637 [main] INFO  - Go to MyAccount and click Login....
13:13:18.309 [main] INFO  - Login Page Opened....
13:13:18.967 [main] INFO  - Set up the Browser and the URL...
13:13:22.813 [main] INFO  - User website launched...
13:13:22.815 [main] INFO  - Go to MyAccount and click Login....
13:13:23.416 [main] INFO  - Login Page Opened....
13:13:23.964 [main] INFO  - Set up the Browser and the URL...
13:13:28.696 [main] INFO  - User website launched...
13:13:28.698 [main] INFO  - Go to MyAccount and click Login....
13:13:29.260 [main] INFO  - Login Page Opened....
13:14:06.168 [main] INFO  - Set up the Browser and the URL...
13:14:11.453 [main] INFO  - User website launched...
13:14:11.468 [main] INFO  - Go to MyAccount and click Login....
13:14:11.961 [main] INFO  - Login Page Opened....
13:14:14.822 [main] INFO  - Set up the Browser and the URL...
13:14:19.380 [main] INFO  - User website launched...
13:14:19.382 [main] INFO  - Go to MyAccount and click Login....
13:14:19.912 [main] INFO  - Login Page Opened....
13:14:31.298 [main] INFO  - Set up the Browser and the URL...
13:14:36.407 [main] INFO  - User website launched...
13:14:36.410 [main] INFO  - Go to MyAccount and click Login....
13:14:36.975 [main] INFO  - Login Page Opened....
13:16:39.200 [main] INFO  - Set up the Browser and the URL...
13:16:44.784 [main] INFO  - User website launched...
13:16:44.792 [main] INFO  - Go to MyAccount and click Login....
13:16:45.286 [main] INFO  - Login Page Opened....
13:16:47.927 [main] INFO  - Set up the Browser and the URL...
13:16:52.328 [main] INFO  - User website launched...
13:16:52.331 [main] INFO  - Go to MyAccount and click Login....
13:16:52.907 [main] INFO  - Login Page Opened....
13:17:04.154 [main] INFO  - Set up the Browser and the URL...
13:17:08.615 [main] INFO  - User website launched...
13:17:08.616 [main] INFO  - Go to MyAccount and click Login....
13:17:09.192 [main] INFO  - Login Page Opened....
13:18:14.474 [main] INFO  - Set up the Browser and the URL...
13:18:20.184 [main] INFO  - User website launched...
13:18:20.196 [main] INFO  - Go to MyAccount and click Login....
13:18:20.714 [main] INFO  - Login Page Opened....
13:18:23.253 [main] INFO  - Set up the Browser and the URL...
13:18:27.030 [main] INFO  - User website launched...
13:18:27.033 [main] INFO  - Go to MyAccount and click Login....
13:18:27.496 [main] INFO  - Login Page Opened....
13:18:38.624 [main] INFO  - Set up the Browser and the URL...
13:18:43.185 [main] INFO  - User website launched...
13:18:43.187 [main] INFO  - Go to MyAccount and click Login....
13:18:43.715 [main] INFO  - Login Page Opened....
18:57:34.633 [main] INFO  - Set up the Browser and the URL...
18:57:40.456 [main] INFO  - User website launched...
18:57:40.471 [main] INFO  - Navigating to the Account Register Page....
18:57:41.169 [main] INFO  - Enter all the details in the Account Registeration Page...
18:57:41.685 [main] INFO  - User clicks the private policy check box...
18:57:41.734 [main] INFO  - User clicks the Continue Button...
18:57:42.441 [main] INFO  - Verify the Account created message...
19:00:33.337 [main] INFO  - Set up the Browser and the URL...
19:00:37.848 [main] INFO  - User website launched...
19:00:37.856 [main] INFO  - Navigating to the Account Register Page....
19:00:38.550 [main] INFO  - Enter all the details in the Account Registeration Page...
19:00:39.090 [main] INFO  - User clicks the private policy check box...
19:00:39.133 [main] INFO  - User clicks the Continue Button...
19:00:39.969 [main] INFO  - Verify the Account created message...
19:26:39.037 [main] INFO  - Set up the Browser and the URL...
19:26:44.758 [main] INFO  - User website launched...
19:26:44.766 [main] INFO  - Navigating to the Account Register Page....
19:26:45.614 [main] INFO  - Enter all the details in the Account Registeration Page...
19:26:46.097 [main] INFO  - User clicks the private policy check box...
19:26:46.165 [main] INFO  - User clicks the Continue Button...
19:26:46.988 [main] INFO  - Verify the Account created message...
19:27:18.587 [main] INFO  - Set up the Browser and the URL...
19:27:22.678 [main] INFO  - User website launched...
19:27:22.685 [main] INFO  - Go to MyAccount and click Login....
19:27:23.376 [main] INFO  - Login Page Opened....
19:27:25.895 [main] INFO  - Set up the Browser and the URL...
19:27:29.733 [main] INFO  - User website launched...
19:27:29.735 [main] INFO  - Go to MyAccount and click Login....
19:27:30.384 [main] INFO  - Login Page Opened....
19:27:41.409 [main] INFO  - Set up the Browser and the URL...
19:27:44.857 [main] INFO  - User website launched...
19:27:44.858 [main] INFO  - Go to MyAccount and click Login....
19:27:45.469 [main] INFO  - Login Page Opened....
19:34:35.615 [main] INFO  - Set up the Browser and the URL...
19:34:39.798 [main] INFO  - User website launched...
19:34:39.812 [main] INFO  - Go to MyAccount and click Login....
19:34:40.251 [main] INFO  - Login Page Opened....
19:34:42.619 [main] INFO  - Set up the Browser and the URL...
19:34:46.243 [main] INFO  - User website launched...
19:34:46.246 [main] INFO  - Go to MyAccount and click Login....
19:34:46.678 [main] INFO  - Login Page Opened....
19:34:57.585 [main] INFO  - Set up the Browser and the URL...
19:35:01.491 [main] INFO  - User website launched...
19:35:01.492 [main] INFO  - Go to MyAccount and click Login....
19:35:01.956 [main] INFO  - Login Page Opened....
19:41:59.202 [main] INFO  - Set up the Browser and the URL...
19:42:03.894 [main] INFO  - User website launched...
19:42:03.905 [main] INFO  - Go to MyAccount and click Login....
19:42:04.337 [main] INFO  - Login Page Opened....
19:42:06.658 [main] INFO  - Set up the Browser and the URL...
19:42:10.441 [main] INFO  - User website launched...
19:42:10.443 [main] INFO  - Go to MyAccount and click Login....
19:42:10.879 [main] INFO  - Login Page Opened....
19:42:21.716 [main] INFO  - Set up the Browser and the URL...
19:42:25.523 [main] INFO  - User website launched...
19:42:25.524 [main] INFO  - Go to MyAccount and click Login....
19:42:25.968 [main] INFO  - Login Page Opened....
11:32:02.133 [main] INFO  - Set up the Browser and the URL...
11:32:08.639 [main] INFO  - User website launched...
11:32:08.651 [main] INFO  - Enter the product name in the search text box...
11:32:08.801 [main] INFO  - User clicking the search Icon......
11:32:09.428 [main] INFO  - Search page is displayed......
11:32:09.430 [main] INFO  - Check for name of products displayed......
11:35:10.503 [main] INFO  - Set up the Browser and the URL...
11:35:15.752 [main] INFO  - User website launched...
11:35:15.767 [main] INFO  - Enter the product name in the search text box...
11:35:15.911 [main] INFO  - User clicking the search Icon......
11:35:16.509 [main] INFO  - Search page is displayed......
11:35:16.510 [main] INFO  - Check for name of products displayed......
11:45:56.923 [main] INFO  - Set up the Browser and the URL...
11:46:02.492 [main] INFO  - User website launched...
11:46:02.500 [main] INFO  - Enter the product name in the search text box...
11:46:02.637 [main] INFO  - User clicking the search Icon......
11:46:03.266 [main] INFO  - Search page is displayed......
11:46:03.269 [main] INFO  - Check for name of products displayed......
12:28:37.327 [main] INFO  - Set up the Browser and the URL...
12:28:42.995 [main] INFO  - User website launched...
12:28:43.003 [main] INFO  - Enter the product name in the search text box...
12:28:43.161 [main] INFO  - User clicking the search Icon......
12:28:43.842 [main] INFO  - Search page is displayed......
12:31:15.334 [main] INFO  - Set up the Browser and the URL...
12:31:21.361 [main] INFO  - User website launched...
12:31:21.370 [main] INFO  - Enter the product name in the search text box...
12:31:21.481 [main] INFO  - User clicking the search Icon......
12:31:22.174 [main] INFO  - Search page is displayed......
12:31:22.176 [main] INFO  - Clicking on Add To Cart..........
12:31:22.220 [main] INFO  - Check success message display on after clicking Add To Cart..........
12:31:22.570 [main] INFO  - Click on SHopping CartLink to navigate to Shooping Cart Page........
12:31:23.086 [main] INFO  - Check the navigation to Shopping Cart Page....
16:42:43.367 [main] INFO  - Set up the Browser and the URL...
16:42:50.178 [main] INFO  - User website launched...
16:42:50.186 [main] INFO  - Enter the product name in the search text box...
16:42:50.303 [main] INFO  - User clicking the search Icon......
16:42:50.902 [main] INFO  - Search page is displayed......
16:42:50.904 [main] INFO  - Clicking on Add To Cart..........
16:42:50.946 [main] INFO  - Check success message display on after clicking Add To Cart..........
16:42:51.224 [main] INFO  - Click on SHopping CartLink to navigate to Shooping Cart Page........
17:18:28.662 [main] INFO  - Set up the Browser and the URL...
17:18:34.119 [main] INFO  - User website launched...
17:18:34.128 [main] INFO  - Enter the product name in the search text box...
17:18:34.242 [main] INFO  - User clicking the search Icon......
17:18:34.859 [main] INFO  - Search page is displayed......
17:18:34.860 [main] INFO  - Clicking on Add To Cart..........
17:18:34.903 [main] INFO  - Check success message display on after clicking Add To Cart..........
17:18:35.178 [main] INFO  - Click on Shopping CartLink to navigate to Shopping Cart Page........
17:18:35.742 [main] INFO  - It got navigated to Shopping Cart Page succesfully......
17:19:53.560 [main] INFO  - Set up the Browser and the URL...
17:19:58.778 [main] INFO  - User website launched...
17:19:58.796 [main] INFO  - Enter the product name in the search text box...
17:19:58.925 [main] INFO  - User clicking the search Icon......
17:19:59.525 [main] INFO  - Search page is displayed......
17:19:59.527 [main] INFO  - Clicking on Add To Cart..........
17:19:59.569 [main] INFO  - Check success message display on after clicking Add To Cart..........
17:19:59.840 [main] INFO  - Click on Shopping CartLink to navigate to Shopping Cart Page........
17:21:36.254 [main] INFO  - Set up the Browser and the URL...
17:21:42.006 [main] INFO  - User website launched...
17:21:42.021 [main] INFO  - Enter the product name in the search text box...
17:21:42.151 [main] INFO  - User clicking the search Icon......
17:21:42.790 [main] INFO  - Search page is displayed......
17:21:42.792 [main] INFO  - Clicking on Add To Cart..........
17:21:42.833 [main] INFO  - Check success message display on after clicking Add To Cart..........
17:21:43.241 [main] INFO  - Click on Shopping CartLink to navigate to Shopping Cart Page........
17:21:43.785 [main] INFO  - It got navigated to Shopping Cart Page succesfully......
17:23:52.791 [main] INFO  - Set up the Browser and the URL...
17:23:58.168 [main] INFO  - User website launched...
17:23:58.177 [main] INFO  - Enter the product name in the search text box...
17:23:58.285 [main] INFO  - User clicking the search Icon......
17:23:58.903 [main] INFO  - Search page is displayed......
17:23:58.905 [main] INFO  - Clicking on Add To Cart..........
17:23:58.945 [main] INFO  - Check success message display on after clicking Add To Cart..........
17:23:59.228 [main] INFO  - Click on Shopping CartLink to navigate to Shopping Cart Page........
17:23:59.730 [main] INFO  - It got navigated to Shopping Cart Page succesfully......
17:24:54.418 [main] INFO  - Set up the Browser and the URL...
17:25:00.452 [main] INFO  - User website launched...
17:25:00.460 [main] INFO  - Enter the product name in the search text box...
17:25:00.560 [main] INFO  - User clicking the search Icon......
17:25:01.284 [main] INFO  - Search page is displayed......
17:25:01.286 [main] INFO  - Clicking on Add To Cart..........
17:25:01.328 [main] INFO  - Check success message display on after clicking Add To Cart..........
17:25:01.673 [main] INFO  - Click on Shopping CartLink to navigate to Shopping Cart Page........
17:25:02.607 [main] INFO  - It got navigated to Shopping Cart Page succesfully......
17:26:44.028 [main] INFO  - Set up the Browser and the URL...
17:26:49.991 [main] INFO  - User website launched...
17:26:50.000 [main] INFO  - Enter the product name in the search text box...
17:26:50.094 [main] INFO  - User clicking the search Icon......
17:26:50.802 [main] INFO  - Search page is displayed......
17:26:50.804 [main] INFO  - Clicking on Add To Cart..........
17:26:50.846 [main] INFO  - Check success message display on after clicking Add To Cart..........
17:26:51.178 [main] INFO  - Click on Shopping CartLink to navigate to Shopping Cart Page........
17:26:51.771 [main] INFO  - It got navigated to Shopping Cart Page succesfully......
17:34:34.926 [main] INFO  - Set up the Browser and the URL...
17:34:40.716 [main] INFO  - User website launched...
17:34:40.726 [main] INFO  - Enter the product name in the search text box...
17:34:40.861 [main] INFO  - User clicking the search Icon......
17:34:41.542 [main] INFO  - Search page is displayed......
17:34:41.545 [main] INFO  - Clicking on Add To Cart..........
17:34:41.590 [main] INFO  - Check success message display on after clicking Add To Cart..........
17:34:41.934 [main] INFO  - Click on Shopping CartLink to navigate to Shopping Cart Page........
17:34:42.885 [main] INFO  - It got navigated to Shopping Cart Page succesfully......
17:37:43.945 [main] INFO  - Set up the Browser and the URL...
17:37:49.971 [main] INFO  - User website launched...
17:37:49.980 [main] INFO  - Enter the product name in the search text box...
17:37:50.099 [main] INFO  - User clicking the search Icon......
17:37:50.803 [main] INFO  - Search page is displayed......
17:37:50.805 [main] INFO  - Clicking on Add To Cart..........
17:37:50.849 [main] INFO  - Check success message display on after clicking Add To Cart..........
17:37:51.191 [main] INFO  - Click on Shopping CartLink to navigate to Shopping Cart Page........
17:38:19.465 [main] INFO  - Set up the Browser and the URL...
17:38:24.944 [main] INFO  - User website launched...
17:38:24.956 [main] INFO  - Enter the product name in the search text box...
17:38:25.121 [main] INFO  - User clicking the search Icon......
17:38:25.766 [main] INFO  - Search page is displayed......
17:38:25.768 [main] INFO  - Clicking on Add To Cart..........
17:38:25.811 [main] INFO  - Check success message display on after clicking Add To Cart..........
17:38:26.081 [main] INFO  - Click on Shopping CartLink to navigate to Shopping Cart Page........
17:38:26.593 [main] INFO  - It got navigated to Shopping Cart Page succesfully......
17:41:59.660 [main] INFO  - Set up the Browser and the URL...
17:42:04.799 [main] INFO  - User website launched...
17:42:04.807 [main] INFO  - Enter the product name in the search text box...
17:42:04.938 [main] INFO  - User clicking the search Icon......
17:42:05.592 [main] INFO  - Search page is displayed......
17:42:05.595 [main] INFO  - Clicking on Add To Cart..........
17:42:05.640 [main] INFO  - Check success message display on after clicking Add To Cart..........
17:42:05.938 [main] INFO  - Click on Shopping CartLink to navigate to Shopping Cart Page........
17:42:06.844 [main] INFO  - It got navigated to Shopping Cart Page succesfully......
17:43:08.094 [main] INFO  - Set up the Browser and the URL...
17:43:14.613 [main] INFO  - User website launched...
17:43:14.620 [main] INFO  - Enter the product name in the search text box...
17:43:14.713 [main] INFO  - User clicking the search Icon......
17:43:15.344 [main] INFO  - Search page is displayed......
17:43:15.347 [main] INFO  - Clicking on Add To Cart..........
17:43:15.388 [main] INFO  - Check success message display on after clicking Add To Cart..........
17:43:15.669 [main] INFO  - Click on Shopping CartLink to navigate to Shopping Cart Page........
17:43:16.229 [main] INFO  - It got navigated to Shopping Cart Page succesfully......
17:54:59.022 [main] INFO  - Set up the Browser and the URL...
17:55:04.931 [main] INFO  - User website launched...
17:55:04.943 [main] INFO  - Enter the product name in the search text box...
17:55:05.088 [main] INFO  - User clicking the search Icon......
17:55:05.759 [main] INFO  - Search page is displayed......
17:55:05.761 [main] INFO  - Clicking on Add To Cart..........
17:55:05.807 [main] INFO  - Check success message display on after clicking Add To Cart..........
17:55:06.086 [main] INFO  - Click on Shopping CartLink to navigate to Shopping Cart Page........
17:55:26.282 [main] INFO  - Set up the Browser and the URL...
17:55:32.094 [main] INFO  - User website launched...
17:55:32.101 [main] INFO  - Enter the product name in the search text box...
17:55:32.248 [main] INFO  - User clicking the search Icon......
17:55:33.009 [main] INFO  - Search page is displayed......
17:55:33.012 [main] INFO  - Clicking on Add To Cart..........
17:55:33.066 [main] INFO  - Check success message display on after clicking Add To Cart..........
17:55:33.406 [main] INFO  - Click on Shopping CartLink to navigate to Shopping Cart Page........
17:55:56.359 [main] INFO  - Set up the Browser and the URL...
17:56:02.165 [main] INFO  - User website launched...
17:56:02.187 [main] INFO  - Enter the product name in the search text box...
17:56:02.378 [main] INFO  - User clicking the search Icon......
17:56:03.006 [main] INFO  - Search page is displayed......
17:56:03.008 [main] INFO  - Clicking on Add To Cart..........
17:56:03.048 [main] INFO  - Check success message display on after clicking Add To Cart..........
17:56:03.326 [main] INFO  - Click on Shopping CartLink to navigate to Shopping Cart Page........
17:56:03.864 [main] INFO  - It got navigated to Shopping Cart Page succesfully......
18:03:55.169 [main] INFO  - Set up the Browser and the URL...
18:04:00.365 [main] INFO  - User website launched...
18:04:00.374 [main] INFO  - Enter the product name in the search text box...
18:04:00.492 [main] INFO  - User clicking the search Icon......
18:04:01.115 [main] INFO  - Search page is displayed......
18:04:01.118 [main] INFO  - Clicking on Add To Cart..........
18:04:01.164 [main] INFO  - Check success message display on after clicking Add To Cart..........
18:04:01.441 [main] INFO  - Enter the product name in the search text box...
18:04:01.522 [main] INFO  - User clicking the search Icon......
18:04:01.996 [main] INFO  - Search page is displayed......
18:04:01.997 [main] INFO  - Clicking on Add To Cart..........
10:30:46.039 [main] INFO  - Set up the Browser and the URL...
10:30:52.089 [main] INFO  - User website launched...
10:30:52.105 [main] INFO  - Enter the product name in the search text box...
10:30:52.230 [main] INFO  - User clicking the search Icon......
10:30:52.888 [main] INFO  - Search page is displayed......
10:30:52.890 [main] INFO  - Clicking on Add To Cart..........
10:30:52.932 [main] INFO  - Check success message display on after clicking Add To Cart..........
10:30:53.346 [main] INFO  - Enter the product name in the search text box...
10:30:53.414 [main] INFO  - User clicking the search Icon......
10:30:53.489 [main] INFO  - Search page is displayed......
10:30:53.490 [main] INFO  - Clicking on Add To Cart..........
10:30:53.526 [main] INFO  - Check success message display on after clicking Add To Cart..........
10:30:53.552 [main] INFO  - Click on Shopping CartLink to navigate to Shopping Cart Page........
10:30:54.059 [main] INFO  - It got navigated to Shopping Cart Page succesfully......
10:32:04.627 [main] INFO  - Set up the Browser and the URL...
10:32:10.234 [main] INFO  - User website launched...
10:32:10.242 [main] INFO  - Enter the product name in the search text box...
10:32:10.375 [main] INFO  - User clicking the search Icon......
10:32:10.964 [main] INFO  - Search page is displayed......
10:32:10.967 [main] INFO  - Clicking on Add To Cart..........
10:32:11.008 [main] INFO  - Check success message display on after clicking Add To Cart..........
10:32:11.284 [main] INFO  - Enter the product name in the search text box...
10:32:11.374 [main] INFO  - User clicking the search Icon......
10:32:11.767 [main] INFO  - Search page is displayed......
10:32:11.768 [main] INFO  - Clicking on Add To Cart..........
10:43:49.455 [main] INFO  - Set up the Browser and the URL...
10:43:55.684 [main] INFO  - User website launched...
10:43:55.700 [main] INFO  - Enter the product name in the search text box...
10:43:55.821 [main] INFO  - User clicking the search Icon......
10:43:56.569 [main] INFO  - Search page is displayed......
10:43:56.571 [main] INFO  - Clicking on Add To Cart..........
10:43:56.616 [main] INFO  - Check success message display on after clicking Add To Cart..........
10:43:56.964 [main] INFO  - Clear the content in search text box...
10:49:14.735 [main] INFO  - Set up the Browser and the URL...
10:49:20.065 [main] INFO  - User website launched...
10:49:20.073 [main] INFO  - Enter the product name in the search text box...
10:49:20.194 [main] INFO  - User clicking the search Icon......
10:49:20.778 [main] INFO  - Search page is displayed......
10:49:20.780 [main] INFO  - Clicking on Add To Cart..........
10:49:20.823 [main] INFO  - Check success message display on after clicking Add To Cart..........
10:49:21.221 [main] INFO  - Enter the product name in the search text box...
10:49:21.268 [main] INFO  - Enter the product name in the search text box...
10:49:21.354 [main] INFO  - User clicking the search Icon......
10:49:21.946 [main] INFO  - Search page is displayed......
10:49:21.948 [main] INFO  - Clicking on Add To Cart..........
10:49:21.982 [main] INFO  - Check success message display on after clicking Add To Cart..........
10:49:22.254 [main] INFO  - Click on Shopping CartLink to navigate to Shopping Cart Page........
11:10:23.493 [main] INFO  - Set up the Browser and the URL...
11:10:29.154 [main] INFO  - User website launched...
11:10:29.163 [main] INFO  - Enter the product name in the search text box...
11:10:29.272 [main] INFO  - User clicking the search Icon......
11:10:29.889 [main] INFO  - Search page is displayed......
11:10:29.891 [main] INFO  - Clicking on Add To Cart..........
11:10:29.930 [main] INFO  - Check success message display on after clicking Add To Cart..........
11:10:30.211 [main] INFO  - Enter the product name in the search text box...
11:10:30.259 [main] INFO  - Enter the product name in the search text box...
11:10:30.337 [main] INFO  - User clicking the search Icon......
11:10:30.413 [main] INFO  - Search page is displayed......
11:10:30.415 [main] INFO  - Clicking on Add To Cart..........
11:10:30.463 [main] INFO  - Check success message display on after clicking Add To Cart..........
11:10:30.486 [main] INFO  - Click on Shopping CartLink to navigate to Shopping Cart Page........
11:13:41.687 [main] INFO  - Set up the Browser and the URL...
11:13:47.152 [main] INFO  - User website launched...
11:13:47.160 [main] INFO  - Enter the product name in the search text box...
11:13:47.289 [main] INFO  - User clicking the search Icon......
11:13:47.918 [main] INFO  - Search page is displayed......
11:13:47.920 [main] INFO  - Clicking on Add To Cart..........
11:13:47.964 [main] INFO  - Check success message display on after clicking Add To Cart..........
11:13:48.254 [main] INFO  - Enter the product name in the search text box...
11:13:48.314 [main] INFO  - Enter the product name in the search text box...
11:13:48.396 [main] INFO  - User clicking the search Icon......
11:13:49.006 [main] INFO  - Search page is displayed......
11:13:49.007 [main] INFO  - Clicking on Add To Cart..........
11:13:49.042 [main] INFO  - Check success message display on after clicking Add To Cart..........
11:13:49.323 [main] INFO  - Click on Shopping CartLink to navigate to Shopping Cart Page........
11:13:49.876 [main] INFO  - It got navigated to Shopping Cart Page succesfully......
11:29:03.326 [main] INFO  - Set up the Browser and the URL...
11:29:10.909 [main] INFO  - User website launched...
11:29:10.926 [main] INFO  - Enter the product name in the search text box...
11:29:11.048 [main] INFO  - User clicking the search Icon......
11:29:11.779 [main] INFO  - Search page is displayed......
11:29:11.781 [main] INFO  - Clicking on Add To Cart..........
11:29:11.823 [main] INFO  - Check success message display on after clicking Add To Cart..........
11:29:12.223 [main] INFO  - Enter the product name in the search text box...
11:29:12.270 [main] INFO  - Enter the product name in the search text box...
11:29:12.347 [main] INFO  - User clicking the search Icon......
11:29:12.413 [main] INFO  - Search page is displayed......
11:29:12.415 [main] INFO  - Clicking on Add To Cart..........
11:29:12.451 [main] INFO  - Check success message display on after clicking Add To Cart..........
11:29:12.471 [main] INFO  - Click on Shopping CartLink to navigate to Shopping Cart Page........
11:29:13.255 [main] INFO  - It got navigated to Shopping Cart Page succesfully......
11:30:07.632 [main] INFO  - Set up the Browser and the URL...
11:30:13.746 [main] INFO  - User website launched...
11:30:13.762 [main] INFO  - Enter the product name in the search text box...
11:30:13.889 [main] INFO  - User clicking the search Icon......
11:30:14.627 [main] INFO  - Search page is displayed......
11:30:14.629 [main] INFO  - Clicking on Add To Cart..........
11:30:14.671 [main] INFO  - Check success message display on after clicking Add To Cart..........
11:30:15.014 [main] INFO  - Enter the product name in the search text box...
11:30:15.060 [main] INFO  - Enter the product name in the search text box...
11:30:15.147 [main] INFO  - User clicking the search Icon......
11:30:15.872 [main] INFO  - Search page is displayed......
11:30:15.874 [main] INFO  - Clicking on Add To Cart..........
11:30:15.911 [main] INFO  - Check success message display on after clicking Add To Cart..........
11:30:16.246 [main] INFO  - Click on Shopping CartLink to navigate to Shopping Cart Page........
11:31:00.549 [main] INFO  - Set up the Browser and the URL...
11:31:06.864 [main] INFO  - User website launched...
11:31:06.872 [main] INFO  - Enter the product name in the search text box...
11:31:07.005 [main] INFO  - User clicking the search Icon......
11:31:07.735 [main] INFO  - Search page is displayed......
11:31:07.738 [main] INFO  - Clicking on Add To Cart..........
11:31:07.784 [main] INFO  - Check success message display on after clicking Add To Cart..........
11:31:08.135 [main] INFO  - Enter the product name in the search text box...
11:31:08.188 [main] INFO  - Enter the product name in the search text box...
11:31:08.284 [main] INFO  - User clicking the search Icon......
11:34:25.709 [main] INFO  - Set up the Browser and the URL...
11:34:31.569 [main] INFO  - User website launched...
11:34:31.582 [main] INFO  - Enter the product name in the search text box...
11:34:31.721 [main] INFO  - User clicking the search Icon......
11:34:32.363 [main] INFO  - Search page is displayed......
11:34:32.365 [main] INFO  - Clicking on Add To Cart..........
11:34:32.409 [main] INFO  - Check success message display on after clicking Add To Cart..........
11:34:32.696 [main] INFO  - Enter the product name in the search text box...
11:34:32.755 [main] INFO  - Enter the product name in the search text box...
11:34:32.845 [main] INFO  - User clicking the search Icon......
11:35:39.244 [main] INFO  - Set up the Browser and the URL...
11:35:44.744 [main] INFO  - User website launched...
11:35:44.751 [main] INFO  - Enter the product name in the search text box...
11:35:44.887 [main] INFO  - User clicking the search Icon......
11:35:45.476 [main] INFO  - Search page is displayed......
11:35:45.479 [main] INFO  - Clicking on Add To Cart..........
11:35:45.523 [main] INFO  - Check success message display on after clicking Add To Cart..........
11:35:45.812 [main] INFO  - Enter the product name in the search text box...
11:35:45.853 [main] INFO  - Enter the product name in the search text box...
11:35:45.946 [main] INFO  - User clicking the search Icon......
11:35:46.693 [main] INFO  - Search page is displayed......
11:35:46.697 [main] INFO  - Clicking on Add To Cart..........
11:35:46.763 [main] INFO  - Check success message display on after clicking Add To Cart..........
11:35:47.032 [main] INFO  - Click on Shopping CartLink to navigate to Shopping Cart Page........
11:35:47.492 [main] INFO  - It got navigated to Shopping Cart Page succesfully......
19:12:31.310 [main] INFO  - Set up the Browser and the URL...
19:12:38.707 [main] INFO  - User website launched...
19:12:38.721 [main] INFO  - Go to MyAccount and click Login....
19:12:39.243 [main] INFO  - Login Page Opened....
19:12:39.249 [main] INFO  - Enter your username and password details at Login page....
19:12:39.957 [main] INFO  - Clicked on Login Button....
19:16:59.282 [main] INFO  - Set up the Browser and the URL...
19:17:05.939 [main] INFO  - User website launched...
