19:17:05.948 [main] INFO  - Go to MyAccount and click Login....
19:17:06.520 [main] INFO  - Login Page Opened....
19:17:06.524 [main] INFO  - Enter your username and password details at Login page....
19:17:07.828 [main] INFO  - Clicked on Login Button....
19:17:07.867 [main] INFO  - Click on the Subscribe/Unsubscribe to newsletter link.... 
19:17:08.306 [main] INFO  - Selecting the YES option radio button in the Newsletter page....
19:17:08.361 [main] INFO  - Clicking Continue button in the Newsletter page....
19:17:09.136 [main] INFO  - Checking the success message received for update of Newsletter Subscription....
19:29:07.501 [main] INFO  - Set up the Browser and the URL...
19:29:13.852 [main] INFO  - User website launched...
19:29:13.859 [main] INFO  - Go to MyAccount and click Login....
19:29:14.417 [main] INFO  - Login Page Opened....
19:29:14.422 [main] INFO  - Enter your username and password details at Login page....
19:29:15.796 [main] INFO  - Clicked on Login Button....
19:29:15.837 [main] INFO  - Click on the Subscribe/Unsubscribe to newsletter link.... 
19:29:16.313 [main] INFO  - Selecting the YES option radio button in the Newsletter page....
19:29:16.378 [main] INFO  - Clicking Continue button in the Newsletter page....
19:29:17.205 [main] INFO  - Checking the success message received for update of Newsletter Subscription....
19:29:17.256 [main] INFO  - Set up the Browser and the URL...
19:29:22.161 [main] INFO  - User website launched...
19:29:22.163 [main] INFO  - Go to MyAccount and click Login....
19:29:22.605 [main] INFO  - Login Page Opened....
19:29:22.607 [main] INFO  - Enter your username and password details at Login page....
19:29:23.661 [main] INFO  - Clicked on Login Button....
19:29:23.695 [main] INFO  - Click on the Subscribe/Unsubscribe to newsletter link.... 
19:29:24.052 [main] INFO  - Selecting the NO option radio button in the Newsletter page....
19:29:24.116 [main] INFO  - Clicking Continue button in the Newsletter page....
19:29:24.712 [main] INFO  - Checking the success message received for update of Newsletter Subscription....
19:31:52.477 [main] INFO  - Set up the Browser and the URL...
19:31:58.006 [main] INFO  - User website launched...
19:31:58.019 [main] INFO  - Go to MyAccount and click Login....
19:31:58.500 [main] INFO  - Login Page Opened....
19:31:58.506 [main] INFO  - Enter your username and password details at Login page....
19:31:59.613 [main] INFO  - Clicked on Login Button....
19:31:59.667 [main] INFO  - Click on the Subscribe/Unsubscribe to newsletter link.... 
19:32:00.053 [main] INFO  - Selecting the YES option radio button in the Newsletter page....
19:32:00.115 [main] INFO  - Clicking Continue button in the Newsletter page....
19:32:00.748 [main] INFO  - Checking the success message received for update of Newsletter Subscription....
19:32:00.925 [main] INFO  - Set up the Browser and the URL...
19:32:05.724 [main] INFO  - User website launched...
19:32:05.726 [main] INFO  - Go to MyAccount and click Login....
19:32:06.234 [main] INFO  - Login Page Opened....
19:32:06.237 [main] INFO  - Enter your username and password details at Login page....
19:32:07.413 [main] INFO  - Clicked on Login Button....
19:32:07.451 [main] INFO  - Click on the Subscribe/Unsubscribe to newsletter link.... 
19:32:07.808 [main] INFO  - Selecting the NO option radio button in the Newsletter page....
19:32:07.862 [main] INFO  - Clicking Continue button in the Newsletter page....
19:32:08.415 [main] INFO  - Checking the success message received for update of Newsletter Subscription....
20:05:50.512 [main] INFO  - Set up the Browser and the URL...
20:05:55.941 [main] INFO  - User website launched...
20:05:55.957 [main] INFO  - Go to MyAccount and click Login....
20:05:56.423 [main] INFO  - Login Page Opened....
20:05:56.430 [main] INFO  - Enter your username and password details at Login page....
20:05:57.542 [main] INFO  - Clicked on Login Button....
20:05:57.580 [main] INFO  - Click on the Subscribe/Unsubscribe to newsletter link.... 
20:05:57.931 [main] INFO  - Selecting the YES option radio button in the Newsletter page....
20:05:57.985 [main] INFO  - Checking whether YES option radio button got Selected....
20:05:58.008 [main] INFO  - Clicking Continue button in the Newsletter page....
20:05:58.612 [main] INFO  - Checking the success message received for update of Newsletter Subscription....
20:05:58.795 [main] INFO  - Set up the Browser and the URL...
20:06:04.431 [main] INFO  - User website launched...
20:06:04.432 [main] INFO  - Go to MyAccount and click Login....
20:06:04.904 [main] INFO  - Login Page Opened....
20:06:04.906 [main] INFO  - Enter your username and password details at Login page....
20:06:06.149 [main] INFO  - Clicked on Login Button....
20:06:06.174 [main] INFO  - Click on the Subscribe/Unsubscribe to newsletter link.... 
20:06:06.532 [main] INFO  - Selecting the NO radio button option in the Newsletter page....
20:06:06.589 [main] INFO  - Checking whether NO radio button option got Selected....
20:06:06.608 [main] INFO  - Clicking Continue button in the Newsletter page....
20:06:07.245 [main] INFO  - Checking the success message received for update of Newsletter Subscription....
20:03:35.044 [main] INFO  - Set up the Browser and the URL...
20:03:42.503 [main] INFO  - User website launched...
20:03:42.518 [main] INFO  - Enter the product name in the search text box...
20:03:42.627 [main] INFO  - User clicking the search Icon......
20:03:43.296 [main] INFO  - Search page is displayed......
20:03:43.298 [main] INFO  - Clicking on Add To Cart..........
20:03:43.342 [main] INFO  - Check success message display on after clicking Add To Cart..........
20:03:43.745 [main] INFO  - Enter the product name in the search text box...
20:03:43.787 [main] INFO  - Enter the product name in the search text box...
20:03:43.866 [main] INFO  - User clicking the search Icon......
20:03:43.954 [main] INFO  - Search page is displayed......
20:03:43.955 [main] INFO  - Clicking on Add To Cart..........
20:03:43.998 [main] INFO  - Check success message display on after clicking Add To Cart..........
20:03:44.035 [main] INFO  - Click on Shopping CartLink to navigate to Shopping Cart Page........
20:04:03.519 [main] INFO  - Set up the Browser and the URL...
20:04:10.943 [main] INFO  - User website launched...
20:04:10.952 [main] INFO  - Enter the product name in the search text box...
20:04:11.051 [main] INFO  - User clicking the search Icon......
20:04:11.826 [main] INFO  - Search page is displayed......
20:04:11.828 [main] INFO  - Clicking on Add To Cart..........
20:04:11.868 [main] INFO  - Check success message display on after clicking Add To Cart..........
20:04:12.257 [main] INFO  - Enter the product name in the search text box...
20:04:12.309 [main] INFO  - Enter the product name in the search text box...
20:04:12.411 [main] INFO  - User clicking the search Icon......
20:04:12.478 [main] INFO  - Search page is displayed......
20:04:12.480 [main] INFO  - Clicking on Add To Cart..........
20:04:12.520 [main] INFO  - Check success message display on after clicking Add To Cart..........
20:04:12.546 [main] INFO  - Click on Shopping CartLink to navigate to Shopping Cart Page........
20:04:13.010 [main] INFO  - It got navigated to Shopping Cart Page succesfully......
20:05:18.134 [main] INFO  - Set up the Browser and the URL...
20:05:25.324 [main] INFO  - User website launched...
20:05:25.339 [main] INFO  - Enter the product name in the search text box...
20:05:25.445 [main] INFO  - User clicking the search Icon......
20:05:26.081 [main] INFO  - Search page is displayed......
20:05:26.083 [main] INFO  - Clicking on Add To Cart..........
20:05:26.125 [main] INFO  - Check success message display on after clicking Add To Cart..........
20:05:26.407 [main] INFO  - Enter the product name in the search text box...
20:05:26.453 [main] INFO  - Enter the product name in the search text box...
20:05:26.537 [main] INFO  - User clicking the search Icon......
20:05:27.299 [main] INFO  - Search page is displayed......
20:05:27.300 [main] INFO  - Clicking on Add To Cart..........
20:05:27.337 [main] INFO  - Check success message display on after clicking Add To Cart..........
20:05:27.734 [main] INFO  - Click on Shopping CartLink to navigate to Shopping Cart Page........
20:05:28.366 [main] INFO  - It got navigated to Shopping Cart Page succesfully......
08:19:35.980 [main] INFO  - Set up the Browser and the URL...
08:19:43.198 [main] INFO  - User website launched...
08:19:43.208 [main] INFO  - Enter the product name in the search text box...
08:19:43.311 [main] INFO  - User clicking the search Icon......
08:19:44.016 [main] INFO  - Search page is displayed......
08:19:44.019 [main] INFO  - Clicking on Add To Cart..........
08:19:44.066 [main] INFO  - Check success message display on after clicking Add To Cart..........
08:19:44.417 [main] INFO  - Enter the product name in the search text box...
08:19:44.476 [main] INFO  - Enter the product name in the search text box...
08:19:44.561 [main] INFO  - User clicking the search Icon......
08:19:44.635 [main] INFO  - Search page is displayed......
08:19:44.636 [main] INFO  - Clicking on Add To Cart..........
08:19:44.677 [main] INFO  - Check success message display on after clicking Add To Cart..........
08:19:44.697 [main] INFO  - Click on Shopping CartLink to navigate to Shopping Cart Page........
08:19:45.194 [main] INFO  - It got navigated to Shopping Cart Page succesfully......
23:03:23.943 [main] INFO  - Set up the Browser and the URL...
23:03:32.768 [main] INFO  - User website launched...
23:03:32.778 [main] INFO  - Enter the product name in the search text box...
23:04:25.214 [main] INFO  - Set up the Browser and the URL...
23:04:32.214 [main] INFO  - User website launched...
23:04:32.226 [main] INFO  - Go to MyAccount and click Login....
23:04:32.774 [main] INFO  - Login Page Opened....
23:04:32.782 [main] INFO  - Enter your username and password details at Login page....
23:04:33.226 [main] INFO  - Set up the Browser and the URL...
23:04:39.926 [main] INFO  - User website launched...
23:04:39.928 [main] INFO  - Go to MyAccount and click Login....
23:04:40.420 [main] INFO  - Login Page Opened....
23:04:40.422 [main] INFO  - Enter your username and password details at Login page....
23:10:37.251 [main] INFO  - Set up the Browser and the URL...
23:10:44.738 [main] INFO  - User website launched...
23:10:44.753 [main] INFO  - Go to MyAccount and click Login....
23:10:45.323 [main] INFO  - Login Page Opened....
23:10:45.328 [main] INFO  - Enter your username and password details at Login page....
23:10:46.671 [main] INFO  - Clicked on Login Button....
23:10:46.946 [main] INFO  - Set up the Browser and the URL...
23:10:53.228 [main] INFO  - User website launched...
23:10:53.229 [main] INFO  - Go to MyAccount and click Login....
23:10:53.756 [main] INFO  - Login Page Opened....
23:10:53.758 [main] INFO  - Enter your username and password details at Login page....
23:10:54.628 [main] INFO  - Clicked on Login Button....
14:59:51.042 [main] INFO  - Set up the Browser and the URL...
15:00:00.467 [main] INFO  - User website launched...
15:00:00.485 [main] INFO  - Go to MyAccount and click Login....
15:00:01.318 [main] INFO  - Login Page Opened....
15:00:01.328 [main] INFO  - Enter your username and password details at Login page....
15:00:03.267 [main] INFO  - Clicked on Login Button....
15:00:03.575 [main] INFO  - Set up the Browser and the URL...
15:00:11.037 [main] INFO  - User website launched...
15:00:11.039 [main] INFO  - Go to MyAccount and click Login....
15:00:11.708 [main] INFO  - Login Page Opened....
15:00:11.711 [main] INFO  - Enter your username and password details at Login page....
15:00:12.716 [main] INFO  - Clicked on Login Button....
